Arguments: 
  C:\Program Files\nodejs\node.exe C:\Program Files (x86)\Yarn\bin\yarn.js add jwt-decode

PATH: 
  C:\Python38\Scripts\;C:\Python38\;C:\Program Files (x86)\Common Files\Oracle\Java\javapath;C:\WINDOWS\system32;C:\WINDOWS;C:\WINDOWS\System32\Wbem;C:\WINDOWS\System32\WindowsPowerShell\v1.0\;C:\WINDOWS\System32\OpenSSH\;C:\PHP;C:\Program Files\dotnet\;C:\Program Files\nodejs\;C:\ProgramData\chocolatey\bin;C:\Program Files\Git\cmd;C:\Program Files (x86)\Yarn\bin\;C:\Program Files\MySQL\MySQL Shell 8.0\bin\;C:\Users\USER\AppData\Local\Programs\Python\Python37-32\Scripts\;C:\Users\USER\AppData\Local\Programs\Python\Python37-32\;F:\Scripts\;F:\;F:\Python\Scripts\;F:\Python\;C:\Users\USER\AppData\Local\Microsoft\WindowsApps;F:\New folder\PyCharm Community Edition 2018.3.5\bin;F:\VSC\Microsoft VS Code\bin;P:\php;C:\Users\USER\AppData\Local\atom\bin;C:\Users\USER\AppData\Local\GitHubDesktop\bin;F:\Microsoft VS Code\bin;C:\Users\USER\AppData\Local\Microsoft\WindowsApps;C:\Users\USER\AppData\Roaming\npm;C:\Users\USER\AppData\Local\hyper\app-3.0.2\resources\bin;C:\Program Files\heroku\bin;C:\Users\USER\AppData\Local\Yarn\bin;

Yarn version: 
  1.22.5

Node version: 
  12.16.3

Platform: 
  win32 x64

Trace: 
  Error: EPERM: operation not permitted, unlink 'D:\github\recondition\server\node_modules\bcrypt\lib\binding\napi-v3\bcrypt_lib.node'

npm manifest: 
  {
    "name": "recondition",
    "version": "1.0.0",
    "description": "",
    "main": "server.js",
    "scripts": {
      "test": "jest",
      "test:watch": "jest --watch",
      "start": "node server.js",
      "dev": "nodemon server.js",
      "prettier-format": "prettier .",
      "lint": "eslint . --fix"
    },
    "keywords": [],
    "author": "",
    "license": "ISC",
    "dependencies": {
      "bcrypt": "^5.0.0",
      "cors": "^2.8.5",
      "dotenv": "^8.2.0",
      "express": "^4.17.1",
      "joi": "^17.3.0",
      "jsonwebtoken": "^8.5.1",
      "mongoose": "^5.11.14",
      "morgan": "^1.10.0",
      "multer": "^1.4.2",
      "nodemailer": "^6.4.18",
      "passport": "^0.4.1",
      "passport-jwt": "^4.0.0"
    },
    "devDependencies": {
      "cross-env": "^7.0.3",
      "eslint": "^7.18.0",
      "eslint-config-airbnb-base": "^14.2.1",
      "eslint-config-prettier": "^7.2.0",
      "eslint-plugin-import": "^2.22.1",
      "eslint-plugin-prettier": "^3.3.1",
      "husky": "^4.3.8",
      "jest": "^26.6.3",
      "lint-staged": "^10.5.3",
      "mock-mongoose": "^8.0.1-a",
      "mz": "^2.7.0",
      "nodemon": "^2.0.7",
      "pretest": "^1.1.0",
      "prettier": "^2.2.1",
      "superagent": "^6.1.0",
      "supertest": "^6.1.3"
    },
    "jest": {
      "testEnvironment": "node",
      "coveragePathIgnorePatterns": [
        "/node_modules/"
      ]
    },
    "husky": {
      "hooks": {
        "pre-commit": "lint-staged"
      }
    },
    "lint-staged": {
      "*.js": [
        "prettier --write",
        "eslint . --fix",
        "git add"
      ]
    }
  }

yarn manifest: 
  No manifest

Lockfile: 
  No lockfile
